{"W:\\Free Projects\\Sakura\\sakura-frontend\\src\\App.css": {"path":"W:\\Free Projects\\Sakura\\sakura-frontend\\src\\App.css","statementMap":{},"fnMap":{},"branchMap":{},"s":{},"f":{},"b":{},"meta":{"lastBranch":0,"lastFunction":0,"lastStatement":0,"seen":{}}}
,"W:\\Free Projects\\Sakura\\sakura-frontend\\src\\App.tsx": {"path":"W:\\Free Projects\\Sakura\\sakura-frontend\\src\\App.tsx","statementMap":{"0":{"start":{"line":6,"column":24},"end":{"line":6,"column":null}},"1":{"start":{"line":8,"column":2},"end":{"line":25,"column":null}},"2":{"start":{"line":20,"column":36},"end":{"line":20,"column":60}},"3":{"start":{"line":20,"column":52},"end":{"line":20,"column":57}}},"fnMap":{"0":{"name":"App","decl":{"start":{"line":5,"column":9},"end":{"line":5,"column":15}},"loc":{"start":{"line":5,"column":15},"end":{"line":27,"column":null}},"line":5},"1":{"name":"(anonymous_1)","decl":{"start":{"line":20,"column":30},"end":{"line":20,"column":36}},"loc":{"start":{"line":20,"column":36},"end":{"line":20,"column":60}},"line":20},"2":{"name":"(anonymous_2)","decl":{"start":{"line":20,"column":45},"end":{"line":20,"column":46}},"loc":{"start":{"line":20,"column":52},"end":{"line":20,"column":57}},"line":20}},"branchMap":{},"s":{"0":3,"1":3,"2":1,"3":1},"f":{"0":3,"1":1,"2":1},"b":{},"meta":{"lastBranch":0,"lastFunction":3,"lastStatement":4,"seen":{"f:5:9:5:15":0,"s:6:24:6:Infinity":0,"s:8:2:25:Infinity":1,"f:20:30:20:36":1,"s:20:36:20:60":2,"f:20:45:20:46":2,"s:20:52:20:57":3}}}
,"W:\\Free Projects\\Sakura\\sakura-frontend\\src\\components\\shared\\AppButton.tsx": {"path":"W:\\Free Projects\\Sakura\\sakura-frontend\\src\\components\\shared\\AppButton.tsx","statementMap":{"0":{"start":{"line":8,"column":25},"end":{"line":43,"column":null}},"1":{"start":{"line":10,"column":4},"end":{"line":40,"column":null}},"2":{"start":{"line":44,"column":0},"end":{"line":44,"column":null}}},"fnMap":{"0":{"name":"(anonymous_0)","decl":{"start":{"line":9,"column":2},"end":{"line":9,"column":3}},"loc":{"start":{"line":9,"column":67},"end":{"line":42,"column":null}},"line":9}},"branchMap":{"0":{"loc":{"start":{"line":13,"column":18},"end":{"line":13,"column":null}},"type":"binary-expr","locations":[{"start":{"line":13,"column":18},"end":{"line":13,"column":31}},{"start":{"line":13,"column":31},"end":{"line":13,"column":null}}],"line":13},"1":{"loc":{"start":{"line":17,"column":9},"end":{"line":37,"column":null}},"type":"binary-expr","locations":[{"start":{"line":17,"column":9},"end":{"line":17,"column":null}},{"start":{"line":18,"column":10},"end":{"line":37,"column":null}}],"line":17}},"s":{"0":2,"1":6,"2":2},"f":{"0":6},"b":{"0":[6,4],"1":[6,2]},"meta":{"lastBranch":2,"lastFunction":1,"lastStatement":3,"seen":{"s:8:25:43:Infinity":0,"f:9:2:9:3":0,"s:10:4:40:Infinity":1,"b:13:18:13:31:13:31:13:Infinity":0,"b:17:9:17:Infinity:18:10:37:Infinity":1,"s:44:0:44:Infinity":2}}}
,"W:\\Free Projects\\Sakura\\sakura-frontend\\src\\components\\shared\\AppInput.tsx": {"path":"W:\\Free Projects\\Sakura\\sakura-frontend\\src\\components\\shared\\AppInput.tsx","statementMap":{"0":{"start":{"line":10,"column":24},"end":{"line":27,"column":null}},"1":{"start":{"line":12,"column":20},"end":{"line":12,"column":null}},"2":{"start":{"line":14,"column":4},"end":{"line":24,"column":null}},"3":{"start":{"line":28,"column":0},"end":{"line":28,"column":null}}},"fnMap":{"0":{"name":"(anonymous_0)","decl":{"start":{"line":11,"column":2},"end":{"line":11,"column":3}},"loc":{"start":{"line":11,"column":54},"end":{"line":26,"column":null}},"line":11}},"branchMap":{"0":{"loc":{"start":{"line":12,"column":20},"end":{"line":12,"column":null}},"type":"binary-expr","locations":[{"start":{"line":12,"column":20},"end":{"line":12,"column":26}},{"start":{"line":12,"column":26},"end":{"line":12,"column":null}}],"line":12},"1":{"loc":{"start":{"line":16,"column":9},"end":{"line":16,"column":null}},"type":"binary-expr","locations":[{"start":{"line":16,"column":9},"end":{"line":16,"column":18}},{"start":{"line":16,"column":18},"end":{"line":16,"column":null}}],"line":16},"2":{"loc":{"start":{"line":20,"column":24},"end":{"line":20,"column":80}},"type":"cond-expr","locations":[{"start":{"line":20,"column":32},"end":{"line":20,"column":78}},{"start":{"line":20,"column":78},"end":{"line":20,"column":80}}],"line":20},"3":{"loc":{"start":{"line":20,"column":84},"end":{"line":20,"column":99}},"type":"binary-expr","locations":[{"start":{"line":20,"column":84},"end":{"line":20,"column":97}},{"start":{"line":20,"column":97},"end":{"line":20,"column":99}}],"line":20},"4":{"loc":{"start":{"line":23,"column":9},"end":{"line":23,"column":null}},"type":"binary-expr","locations":[{"start":{"line":23,"column":9},"end":{"line":23,"column":18}},{"start":{"line":23,"column":18},"end":{"line":23,"column":null}}],"line":23}},"s":{"0":1,"1":3,"2":3,"3":1},"f":{"0":3},"b":{"0":[3,2],"1":[3,1],"2":[1,2],"3":[3,3],"4":[3,1]},"meta":{"lastBranch":5,"lastFunction":1,"lastStatement":4,"seen":{"s:10:24:27:Infinity":0,"f:11:2:11:3":0,"s:12:20:12:Infinity":1,"b:12:20:12:26:12:26:12:Infinity":0,"s:14:4:24:Infinity":2,"b:16:9:16:18:16:18:16:Infinity":1,"b:20:32:20:78:20:78:20:80":2,"b:20:84:20:97:20:97:20:99":3,"b:23:9:23:18:23:18:23:Infinity":4,"s:28:0:28:Infinity":3}}}
,"W:\\Free Projects\\Sakura\\sakura-frontend\\src\\components\\shared\\AppTable.tsx": {"path":"W:\\Free Projects\\Sakura\\sakura-frontend\\src\\components\\shared\\AppTable.tsx","statementMap":{"0":{"start":{"line":24,"column":2},"end":{"line":30,"column":null}},"1":{"start":{"line":25,"column":4},"end":{"line":28,"column":null}},"2":{"start":{"line":32,"column":2},"end":{"line":66,"column":null}},"3":{"start":{"line":38,"column":14},"end":{"line":38,"column":null}},"4":{"start":{"line":45,"column":14},"end":{"line":55,"column":null}},"5":{"start":{"line":47,"column":18},"end":{"line":53,"column":null}}},"fnMap":{"0":{"name":"AppTable","decl":{"start":{"line":23,"column":16},"end":{"line":23,"column":28}},"loc":{"start":{"line":23,"column":76},"end":{"line":68,"column":null}},"line":23},"1":{"name":"(anonymous_1)","decl":{"start":{"line":37,"column":25},"end":{"line":37,"column":26}},"loc":{"start":{"line":38,"column":14},"end":{"line":38,"column":null}},"line":38},"2":{"name":"(anonymous_2)","decl":{"start":{"line":44,"column":21},"end":{"line":44,"column":22}},"loc":{"start":{"line":45,"column":14},"end":{"line":55,"column":null}},"line":45},"3":{"name":"(anonymous_3)","decl":{"start":{"line":46,"column":29},"end":{"line":46,"column":30}},"loc":{"start":{"line":47,"column":18},"end":{"line":53,"column":null}},"line":47}},"branchMap":{"0":{"loc":{"start":{"line":24,"column":2},"end":{"line":30,"column":null}},"type":"if","locations":[{"start":{"line":24,"column":2},"end":{"line":30,"column":null}},{"start":{},"end":{}}],"line":24},"1":{"loc":{"start":{"line":43,"column":11},"end":{"line":62,"column":null}},"type":"cond-expr","locations":[{"start":{"line":44,"column":12},"end":{"line":56,"column":null}},{"start":{"line":58,"column":12},"end":{"line":62,"column":null}}],"line":43},"2":{"loc":{"start":{"line":48,"column":21},"end":{"line":52,"column":null}},"type":"cond-expr","locations":[{"start":{"line":49,"column":24},"end":{"line":49,"column":null}},{"start":{"line":50,"column":24},"end":{"line":52,"column":null}}],"line":48},"3":{"loc":{"start":{"line":50,"column":24},"end":{"line":52,"column":null}},"type":"cond-expr","locations":[{"start":{"line":51,"column":27},"end":{"line":51,"column":null}},{"start":{"line":52,"column":26},"end":{"line":52,"column":null}}],"line":50}},"s":{"0":3,"1":1,"2":2,"3":4,"4":2,"5":4},"f":{"0":3,"1":4,"2":2,"3":4},"b":{"0":[1,2],"1":[1,1],"2":[2,2],"3":[2,0]},"meta":{"lastBranch":4,"lastFunction":4,"lastStatement":6,"seen":{"f:23:16:23:28":0,"b:24:2:30:Infinity:undefined:undefined:undefined:undefined":0,"s:24:2:30:Infinity":0,"s:25:4:28:Infinity":1,"s:32:2:66:Infinity":2,"f:37:25:37:26":1,"s:38:14:38:Infinity":3,"b:44:12:56:Infinity:58:12:62:Infinity":1,"f:44:21:44:22":2,"s:45:14:55:Infinity":4,"f:46:29:46:30":3,"s:47:18:53:Infinity":5,"b:49:24:49:Infinity:50:24:52:Infinity":2,"b:51:27:51:Infinity:52:26:52:Infinity":3}}}
}
