{"W:\\Free Projects\\Sakura\\sakura-frontend\\src\\App.css": {"path":"W:\\Free Projects\\Sakura\\sakura-frontend\\src\\App.css","statementMap":{},"fnMap":{},"branchMap":{},"s":{},"f":{},"b":{},"meta":{"lastBranch":0,"lastFunction":0,"lastStatement":0,"seen":{}}}
,"W:\\Free Projects\\Sakura\\sakura-frontend\\src\\App.tsx": {"path":"W:\\Free Projects\\Sakura\\sakura-frontend\\src\\App.tsx","statementMap":{"0":{"start":{"line":6,"column":24},"end":{"line":6,"column":null}},"1":{"start":{"line":8,"column":2},"end":{"line":25,"column":null}},"2":{"start":{"line":20,"column":36},"end":{"line":20,"column":60}},"3":{"start":{"line":20,"column":52},"end":{"line":20,"column":57}}},"fnMap":{"0":{"name":"App","decl":{"start":{"line":5,"column":9},"end":{"line":5,"column":15}},"loc":{"start":{"line":5,"column":15},"end":{"line":27,"column":null}},"line":5},"1":{"name":"(anonymous_1)","decl":{"start":{"line":20,"column":30},"end":{"line":20,"column":36}},"loc":{"start":{"line":20,"column":36},"end":{"line":20,"column":60}},"line":20},"2":{"name":"(anonymous_2)","decl":{"start":{"line":20,"column":45},"end":{"line":20,"column":46}},"loc":{"start":{"line":20,"column":52},"end":{"line":20,"column":57}},"line":20}},"branchMap":{},"s":{"0":3,"1":3,"2":1,"3":1},"f":{"0":3,"1":1,"2":1},"b":{},"meta":{"lastBranch":0,"lastFunction":3,"lastStatement":4,"seen":{"f:5:9:5:15":0,"s:6:24:6:Infinity":0,"s:8:2:25:Infinity":1,"f:20:30:20:36":1,"s:20:36:20:60":2,"f:20:45:20:46":2,"s:20:52:20:57":3}}}
,"W:\\Free Projects\\Sakura\\sakura-frontend\\src\\components\\shared\\AppButton.tsx": {"path":"W:\\Free Projects\\Sakura\\sakura-frontend\\src\\components\\shared\\AppButton.tsx","statementMap":{"0":{"start":{"line":9,"column":25},"end":{"line":44,"column":null}},"1":{"start":{"line":11,"column":4},"end":{"line":41,"column":null}},"2":{"start":{"line":45,"column":0},"end":{"line":45,"column":null}}},"fnMap":{"0":{"name":"(anonymous_0)","decl":{"start":{"line":10,"column":2},"end":{"line":10,"column":3}},"loc":{"start":{"line":10,"column":67},"end":{"line":43,"column":null}},"line":10}},"branchMap":{"0":{"loc":{"start":{"line":14,"column":18},"end":{"line":14,"column":null}},"type":"binary-expr","locations":[{"start":{"line":14,"column":18},"end":{"line":14,"column":31}},{"start":{"line":14,"column":31},"end":{"line":14,"column":null}}],"line":14},"1":{"loc":{"start":{"line":18,"column":9},"end":{"line":38,"column":null}},"type":"binary-expr","locations":[{"start":{"line":18,"column":9},"end":{"line":18,"column":null}},{"start":{"line":19,"column":10},"end":{"line":38,"column":null}}],"line":18}},"s":{"0":4,"1":19,"2":4},"f":{"0":19},"b":{"0":[19,17],"1":[19,2]},"meta":{"lastBranch":2,"lastFunction":1,"lastStatement":3,"seen":{"s:9:25:44:Infinity":0,"f:10:2:10:3":0,"s:11:4:41:Infinity":1,"b:14:18:14:31:14:31:14:Infinity":0,"b:18:9:18:Infinity:19:10:38:Infinity":1,"s:45:0:45:Infinity":2}}}
,"W:\\Free Projects\\Sakura\\sakura-frontend\\src\\components\\shared\\AppInput.tsx": {"path":"W:\\Free Projects\\Sakura\\sakura-frontend\\src\\components\\shared\\AppInput.tsx","statementMap":{"0":{"start":{"line":11,"column":24},"end":{"line":29,"column":null}},"1":{"start":{"line":13,"column":23},"end":{"line":13,"column":null}},"2":{"start":{"line":14,"column":20},"end":{"line":14,"column":null}},"3":{"start":{"line":16,"column":4},"end":{"line":26,"column":null}},"4":{"start":{"line":30,"column":0},"end":{"line":30,"column":null}}},"fnMap":{"0":{"name":"(anonymous_0)","decl":{"start":{"line":12,"column":2},"end":{"line":12,"column":3}},"loc":{"start":{"line":12,"column":54},"end":{"line":28,"column":null}},"line":12}},"branchMap":{"0":{"loc":{"start":{"line":14,"column":20},"end":{"line":14,"column":null}},"type":"binary-expr","locations":[{"start":{"line":14,"column":20},"end":{"line":14,"column":26}},{"start":{"line":14,"column":26},"end":{"line":14,"column":null}}],"line":14},"1":{"loc":{"start":{"line":18,"column":9},"end":{"line":18,"column":null}},"type":"binary-expr","locations":[{"start":{"line":18,"column":9},"end":{"line":18,"column":18}},{"start":{"line":18,"column":18},"end":{"line":18,"column":null}}],"line":18},"2":{"loc":{"start":{"line":22,"column":24},"end":{"line":22,"column":80}},"type":"cond-expr","locations":[{"start":{"line":22,"column":32},"end":{"line":22,"column":78}},{"start":{"line":22,"column":78},"end":{"line":22,"column":80}}],"line":22},"3":{"loc":{"start":{"line":22,"column":84},"end":{"line":22,"column":99}},"type":"binary-expr","locations":[{"start":{"line":22,"column":84},"end":{"line":22,"column":97}},{"start":{"line":22,"column":97},"end":{"line":22,"column":99}}],"line":22},"4":{"loc":{"start":{"line":25,"column":9},"end":{"line":25,"column":null}},"type":"binary-expr","locations":[{"start":{"line":25,"column":9},"end":{"line":25,"column":18}},{"start":{"line":25,"column":18},"end":{"line":25,"column":null}}],"line":25}},"s":{"0":2,"1":49,"2":49,"3":49,"4":2},"f":{"0":49},"b":{"0":[49,48],"1":[49,47],"2":[1,48],"3":[49,49],"4":[49,1]},"meta":{"lastBranch":5,"lastFunction":1,"lastStatement":5,"seen":{"s:11:24:29:Infinity":0,"f:12:2:12:3":0,"s:13:23:13:Infinity":1,"s:14:20:14:Infinity":2,"b:14:20:14:26:14:26:14:Infinity":0,"s:16:4:26:Infinity":3,"b:18:9:18:18:18:18:18:Infinity":1,"b:22:32:22:78:22:78:22:80":2,"b:22:84:22:97:22:97:22:99":3,"b:25:9:25:18:25:18:25:Infinity":4,"s:30:0:30:Infinity":4}}}
,"W:\\Free Projects\\Sakura\\sakura-frontend\\src\\components\\shared\\AppTable.tsx": {"path":"W:\\Free Projects\\Sakura\\sakura-frontend\\src\\components\\shared\\AppTable.tsx","statementMap":{"0":{"start":{"line":24,"column":2},"end":{"line":30,"column":null}},"1":{"start":{"line":25,"column":4},"end":{"line":28,"column":null}},"2":{"start":{"line":32,"column":2},"end":{"line":66,"column":null}},"3":{"start":{"line":38,"column":14},"end":{"line":38,"column":null}},"4":{"start":{"line":45,"column":14},"end":{"line":55,"column":null}},"5":{"start":{"line":47,"column":18},"end":{"line":53,"column":null}}},"fnMap":{"0":{"name":"AppTable","decl":{"start":{"line":23,"column":16},"end":{"line":23,"column":28}},"loc":{"start":{"line":23,"column":76},"end":{"line":68,"column":null}},"line":23},"1":{"name":"(anonymous_1)","decl":{"start":{"line":37,"column":25},"end":{"line":37,"column":26}},"loc":{"start":{"line":38,"column":14},"end":{"line":38,"column":null}},"line":38},"2":{"name":"(anonymous_2)","decl":{"start":{"line":44,"column":21},"end":{"line":44,"column":22}},"loc":{"start":{"line":45,"column":14},"end":{"line":55,"column":null}},"line":45},"3":{"name":"(anonymous_3)","decl":{"start":{"line":46,"column":29},"end":{"line":46,"column":30}},"loc":{"start":{"line":47,"column":18},"end":{"line":53,"column":null}},"line":47}},"branchMap":{"0":{"loc":{"start":{"line":24,"column":2},"end":{"line":30,"column":null}},"type":"if","locations":[{"start":{"line":24,"column":2},"end":{"line":30,"column":null}},{"start":{},"end":{}}],"line":24},"1":{"loc":{"start":{"line":43,"column":11},"end":{"line":62,"column":null}},"type":"cond-expr","locations":[{"start":{"line":44,"column":12},"end":{"line":56,"column":null}},{"start":{"line":58,"column":12},"end":{"line":62,"column":null}}],"line":43},"2":{"loc":{"start":{"line":48,"column":21},"end":{"line":52,"column":null}},"type":"cond-expr","locations":[{"start":{"line":49,"column":24},"end":{"line":49,"column":null}},{"start":{"line":50,"column":24},"end":{"line":52,"column":null}}],"line":48},"3":{"loc":{"start":{"line":50,"column":24},"end":{"line":52,"column":null}},"type":"cond-expr","locations":[{"start":{"line":51,"column":27},"end":{"line":51,"column":null}},{"start":{"line":52,"column":26},"end":{"line":52,"column":null}}],"line":50}},"s":{"0":6,"1":2,"2":4,"3":20,"4":6,"5":34},"f":{"0":6,"1":20,"2":6,"3":34},"b":{"0":[2,4],"1":[3,1],"2":[22,12],"3":[10,2]},"meta":{"lastBranch":4,"lastFunction":4,"lastStatement":6,"seen":{"f:23:16:23:28":0,"b:24:2:30:Infinity:undefined:undefined:undefined:undefined":0,"s:24:2:30:Infinity":0,"s:25:4:28:Infinity":1,"s:32:2:66:Infinity":2,"f:37:25:37:26":1,"s:38:14:38:Infinity":3,"b:44:12:56:Infinity:58:12:62:Infinity":1,"f:44:21:44:22":2,"s:45:14:55:Infinity":4,"f:46:29:46:30":3,"s:47:18:53:Infinity":5,"b:49:24:49:Infinity:50:24:52:Infinity":2,"b:51:27:51:Infinity:52:26:52:Infinity":3}}}
,"W:\\Free Projects\\Sakura\\sakura-frontend\\src\\features\\inventory\\components\\InventoryTable.tsx": {"path":"W:\\Free Projects\\Sakura\\sakura-frontend\\src\\features\\inventory\\components\\InventoryTable.tsx","statementMap":{"0":{"start":{"line":12,"column":41},"end":{"line":48,"column":null}},"1":{"start":{"line":15,"column":36},"end":{"line":15,"column":66}},"2":{"start":{"line":16,"column":43},"end":{"line":16,"column":74}},"3":{"start":{"line":19,"column":21},"end":{"line":19,"column":null}},"4":{"start":{"line":24,"column":27},"end":{"line":24,"column":null}},"5":{"start":{"line":25,"column":8},"end":{"line":34,"column":null}},"6":{"start":{"line":41,"column":8},"end":{"line":45,"column":null}},"7":{"start":{"line":50,"column":2},"end":{"line":50,"column":null}}},"fnMap":{"0":{"name":"InventoryTable","decl":{"start":{"line":11,"column":16},"end":{"line":11,"column":31}},"loc":{"start":{"line":11,"column":73},"end":{"line":51,"column":null}},"line":11},"1":{"name":"(anonymous_1)","decl":{"start":{"line":15,"column":27},"end":{"line":15,"column":28}},"loc":{"start":{"line":15,"column":36},"end":{"line":15,"column":66}},"line":15},"2":{"name":"(anonymous_2)","decl":{"start":{"line":16,"column":34},"end":{"line":16,"column":35}},"loc":{"start":{"line":16,"column":43},"end":{"line":16,"column":74}},"line":16},"3":{"name":"(anonymous_3)","decl":{"start":{"line":19,"column":12},"end":{"line":19,"column":13}},"loc":{"start":{"line":19,"column":21},"end":{"line":19,"column":null}},"line":19},"4":{"name":"(anonymous_4)","decl":{"start":{"line":23,"column":12},"end":{"line":23,"column":13}},"loc":{"start":{"line":23,"column":21},"end":{"line":36,"column":null}},"line":23},"5":{"name":"(anonymous_5)","decl":{"start":{"line":40,"column":12},"end":{"line":40,"column":null}},"loc":{"start":{"line":41,"column":8},"end":{"line":45,"column":null}},"line":41}},"branchMap":{"0":{"loc":{"start":{"line":28,"column":14},"end":{"line":30,"column":null}},"type":"cond-expr","locations":[{"start":{"line":29,"column":18},"end":{"line":29,"column":null}},{"start":{"line":30,"column":18},"end":{"line":30,"column":null}}],"line":28},"1":{"loc":{"start":{"line":33,"column":13},"end":{"line":33,"column":null}},"type":"cond-expr","locations":[{"start":{"line":33,"column":26},"end":{"line":33,"column":40}},{"start":{"line":33,"column":40},"end":{"line":33,"column":null}}],"line":33}},"s":{"0":3,"1":4,"2":4,"3":4,"4":4,"5":4,"6":4,"7":3},"f":{"0":3,"1":4,"2":4,"3":4,"4":4,"5":4},"b":{"0":[2,2],"1":[2,2]},"meta":{"lastBranch":2,"lastFunction":6,"lastStatement":8,"seen":{"f:11:16:11:31":0,"s:12:41:48:Infinity":0,"f:15:27:15:28":1,"s:15:36:15:66":1,"f:16:34:16:35":2,"s:16:43:16:74":2,"f:19:12:19:13":3,"s:19:21:19:Infinity":3,"f:23:12:23:13":4,"s:24:27:24:Infinity":4,"s:25:8:34:Infinity":5,"b:29:18:29:Infinity:30:18:30:Infinity":0,"b:33:26:33:40:33:40:33:Infinity":1,"f:40:12:40:Infinity":5,"s:41:8:45:Infinity":6,"s:50:2:50:Infinity":7}}}
,"W:\\Free Projects\\Sakura\\sakura-frontend\\src\\features\\inventory\\components\\MaterialForm.tsx": {"path":"W:\\Free Projects\\Sakura\\sakura-frontend\\src\\features\\inventory\\components\\MaterialForm.tsx","statementMap":{"0":{"start":{"line":14,"column":23},"end":{"line":22,"column":null}},"1":{"start":{"line":29,"column":8},"end":{"line":42,"column":null}},"2":{"start":{"line":40,"column":6},"end":{"line":40,"column":null}},"3":{"start":{"line":44,"column":29},"end":{"line":63,"column":null}},"4":{"start":{"line":45,"column":4},"end":{"line":45,"column":null}},"5":{"start":{"line":46,"column":4},"end":{"line":46,"column":null}},"6":{"start":{"line":48,"column":17},"end":{"line":48,"column":null}},"7":{"start":{"line":49,"column":19},"end":{"line":49,"column":null}},"8":{"start":{"line":51,"column":4},"end":{"line":60,"column":null}},"9":{"start":{"line":52,"column":6},"end":{"line":58,"column":null}},"10":{"start":{"line":53,"column":21},"end":{"line":53,"column":null}},"11":{"start":{"line":54,"column":8},"end":{"line":57,"column":null}},"12":{"start":{"line":54,"column":43},"end":{"line":57,"column":10}},"13":{"start":{"line":59,"column":6},"end":{"line":59,"column":null}},"14":{"start":{"line":62,"column":4},"end":{"line":62,"column":null}},"15":{"start":{"line":65,"column":2},"end":{"line":174,"column":null}},"16":{"start":{"line":69,"column":10},"end":{"line":78,"column":null}},"17":{"start":{"line":72,"column":29},"end":{"line":72,"column":null}},"18":{"start":{"line":85,"column":12},"end":{"line":103,"column":null}},"19":{"start":{"line":97,"column":18},"end":{"line":97,"column":null}},"20":{"start":{"line":109,"column":12},"end":{"line":114,"column":null}},"21":{"start":{"line":112,"column":31},"end":{"line":112,"column":null}},"22":{"start":{"line":120,"column":12},"end":{"line":127,"column":null}},"23":{"start":{"line":125,"column":31},"end":{"line":125,"column":null}},"24":{"start":{"line":133,"column":12},"end":{"line":140,"column":null}},"25":{"start":{"line":138,"column":31},"end":{"line":138,"column":null}},"26":{"start":{"line":146,"column":12},"end":{"line":153,"column":null}},"27":{"start":{"line":151,"column":31},"end":{"line":151,"column":null}},"28":{"start":{"line":165,"column":31},"end":{"line":165,"column":null}},"29":{"start":{"line":168,"column":12},"end":{"line":170,"column":null}}},"fnMap":{"0":{"name":"MaterialForm","decl":{"start":{"line":24,"column":16},"end":{"line":24,"column":29}},"loc":{"start":{"line":28,"column":22},"end":{"line":176,"column":null}},"line":28},"1":{"name":"(anonymous_1)","decl":{"start":{"line":39,"column":14},"end":{"line":39,"column":21}},"loc":{"start":{"line":39,"column":35},"end":{"line":41,"column":null}},"line":39},"2":{"name":"(anonymous_2)","decl":{"start":{"line":44,"column":29},"end":{"line":44,"column":36}},"loc":{"start":{"line":44,"column":59},"end":{"line":63,"column":null}},"line":44},"3":{"name":"(anonymous_3)","decl":{"start":{"line":52,"column":34},"end":{"line":52,"column":35}},"loc":{"start":{"line":52,"column":45},"end":{"line":58,"column":7}},"line":52},"4":{"name":"(anonymous_4)","decl":{"start":{"line":54,"column":32},"end":{"line":54,"column":33}},"loc":{"start":{"line":54,"column":43},"end":{"line":57,"column":10}},"line":54},"5":{"name":"(anonymous_5)","decl":{"start":{"line":68,"column":9},"end":{"line":68,"column":10}},"loc":{"start":{"line":69,"column":10},"end":{"line":78,"column":null}},"line":69},"6":{"name":"(anonymous_6)","decl":{"start":{"line":72,"column":22},"end":{"line":72,"column":23}},"loc":{"start":{"line":72,"column":29},"end":{"line":72,"column":null}},"line":72},"7":{"name":"(anonymous_7)","decl":{"start":{"line":84,"column":11},"end":{"line":84,"column":12}},"loc":{"start":{"line":85,"column":12},"end":{"line":103,"column":null}},"line":85},"8":{"name":"(anonymous_8)","decl":{"start":{"line":96,"column":26},"end":{"line":96,"column":27}},"loc":{"start":{"line":97,"column":18},"end":{"line":97,"column":null}},"line":97},"9":{"name":"(anonymous_9)","decl":{"start":{"line":108,"column":11},"end":{"line":108,"column":12}},"loc":{"start":{"line":109,"column":12},"end":{"line":114,"column":null}},"line":109},"10":{"name":"(anonymous_10)","decl":{"start":{"line":112,"column":24},"end":{"line":112,"column":25}},"loc":{"start":{"line":112,"column":31},"end":{"line":112,"column":null}},"line":112},"11":{"name":"(anonymous_11)","decl":{"start":{"line":119,"column":11},"end":{"line":119,"column":12}},"loc":{"start":{"line":120,"column":12},"end":{"line":127,"column":null}},"line":120},"12":{"name":"(anonymous_12)","decl":{"start":{"line":125,"column":24},"end":{"line":125,"column":25}},"loc":{"start":{"line":125,"column":31},"end":{"line":125,"column":null}},"line":125},"13":{"name":"(anonymous_13)","decl":{"start":{"line":132,"column":11},"end":{"line":132,"column":12}},"loc":{"start":{"line":133,"column":12},"end":{"line":140,"column":null}},"line":133},"14":{"name":"(anonymous_14)","decl":{"start":{"line":138,"column":24},"end":{"line":138,"column":25}},"loc":{"start":{"line":138,"column":31},"end":{"line":138,"column":null}},"line":138},"15":{"name":"(anonymous_15)","decl":{"start":{"line":145,"column":11},"end":{"line":145,"column":12}},"loc":{"start":{"line":146,"column":12},"end":{"line":153,"column":null}},"line":146},"16":{"name":"(anonymous_16)","decl":{"start":{"line":151,"column":24},"end":{"line":151,"column":25}},"loc":{"start":{"line":151,"column":31},"end":{"line":151,"column":null}},"line":151},"17":{"name":"(anonymous_17)","decl":{"start":{"line":165,"column":20},"end":{"line":165,"column":21}},"loc":{"start":{"line":165,"column":31},"end":{"line":165,"column":null}},"line":165},"18":{"name":"(anonymous_18)","decl":{"start":{"line":167,"column":11},"end":{"line":167,"column":12}},"loc":{"start":{"line":168,"column":12},"end":{"line":170,"column":null}},"line":168}},"branchMap":{"0":{"loc":{"start":{"line":31,"column":12},"end":{"line":31,"column":null}},"type":"binary-expr","locations":[{"start":{"line":31,"column":12},"end":{"line":31,"column":35}},{"start":{"line":31,"column":35},"end":{"line":31,"column":null}}],"line":31},"1":{"loc":{"start":{"line":32,"column":12},"end":{"line":32,"column":null}},"type":"binary-expr","locations":[{"start":{"line":32,"column":12},"end":{"line":32,"column":35}},{"start":{"line":32,"column":35},"end":{"line":32,"column":null}}],"line":32},"2":{"loc":{"start":{"line":33,"column":12},"end":{"line":33,"column":null}},"type":"binary-expr","locations":[{"start":{"line":33,"column":12},"end":{"line":33,"column":35}},{"start":{"line":33,"column":35},"end":{"line":33,"column":null}}],"line":33},"3":{"loc":{"start":{"line":34,"column":16},"end":{"line":34,"column":null}},"type":"binary-expr","locations":[{"start":{"line":34,"column":16},"end":{"line":34,"column":43}},{"start":{"line":34,"column":43},"end":{"line":34,"column":null}}],"line":34},"4":{"loc":{"start":{"line":35,"column":17},"end":{"line":35,"column":null}},"type":"binary-expr","locations":[{"start":{"line":35,"column":17},"end":{"line":35,"column":45}},{"start":{"line":35,"column":45},"end":{"line":35,"column":null}}],"line":35},"5":{"loc":{"start":{"line":36,"column":20},"end":{"line":36,"column":null}},"type":"binary-expr","locations":[{"start":{"line":36,"column":20},"end":{"line":36,"column":51}},{"start":{"line":36,"column":51},"end":{"line":36,"column":null}}],"line":36},"6":{"loc":{"start":{"line":37,"column":19},"end":{"line":37,"column":null}},"type":"binary-expr","locations":[{"start":{"line":37,"column":19},"end":{"line":37,"column":49}},{"start":{"line":37,"column":49},"end":{"line":37,"column":null}}],"line":37},"7":{"loc":{"start":{"line":51,"column":4},"end":{"line":60,"column":null}},"type":"if","locations":[{"start":{"line":51,"column":4},"end":{"line":60,"column":null}},{"start":{},"end":{}}],"line":51},"8":{"loc":{"start":{"line":74,"column":14},"end":{"line":76,"column":null}},"type":"cond-expr","locations":[{"start":{"line":75,"column":18},"end":{"line":75,"column":null}},{"start":{"line":76,"column":18},"end":{"line":76,"column":null}}],"line":74},"9":{"loc":{"start":{"line":159,"column":9},"end":{"line":162,"column":null}},"type":"binary-expr","locations":[{"start":{"line":159,"column":9},"end":{"line":159,"column":null}},{"start":{"line":160,"column":10},"end":{"line":162,"column":null}}],"line":159},"10":{"loc":{"start":{"line":168,"column":47},"end":{"line":168,"column":null}},"type":"binary-expr","locations":[{"start":{"line":168,"column":47},"end":{"line":168,"column":61}},{"start":{"line":168,"column":61},"end":{"line":168,"column":null}}],"line":168},"11":{"loc":{"start":{"line":169,"column":15},"end":{"line":169,"column":null}},"type":"cond-expr","locations":[{"start":{"line":169,"column":30},"end":{"line":169,"column":44}},{"start":{"line":169,"column":44},"end":{"line":169,"column":null}}],"line":169}},"s":{"0":1,"1":6,"2":1,"3":6,"4":4,"5":4,"6":4,"7":4,"8":4,"9":3,"10":9,"11":9,"12":9,"13":3,"14":1,"15":6,"16":8,"17":2,"18":7,"19":1,"20":9,"21":2,"22":10,"23":3,"24":10,"25":3,"26":9,"27":2,"28":68,"29":8},"f":{"0":6,"1":1,"2":4,"3":9,"4":9,"5":8,"6":2,"7":7,"8":1,"9":9,"10":2,"11":10,"12":3,"13":10,"14":3,"15":9,"16":2,"17":68,"18":8},"b":{"0":[6,6],"1":[6,6],"2":[6,6],"3":[6,6],"4":[6,6],"5":[6,6],"6":[6,6],"7":[3,1],"8":[0,8],"9":[6,1],"10":[8,7],"11":[1,7]},"meta":{"lastBranch":12,"lastFunction":19,"lastStatement":30,"seen":{"s:14:23:22:Infinity":0,"f:24:16:24:29":0,"s:29:8:42:Infinity":1,"b:31:12:31:35:31:35:31:Infinity":0,"b:32:12:32:35:32:35:32:Infinity":1,"b:33:12:33:35:33:35:33:Infinity":2,"b:34:16:34:43:34:43:34:Infinity":3,"b:35:17:35:45:35:45:35:Infinity":4,"b:36:20:36:51:36:51:36:Infinity":5,"b:37:19:37:49:37:49:37:Infinity":6,"f:39:14:39:21":1,"s:40:6:40:Infinity":2,"s:44:29:63:Infinity":3,"f:44:29:44:36":2,"s:45:4:45:Infinity":4,"s:46:4:46:Infinity":5,"s:48:17:48:Infinity":6,"s:49:19:49:Infinity":7,"b:51:4:60:Infinity:undefined:undefined:undefined:undefined":7,"s:51:4:60:Infinity":8,"s:52:6:58:Infinity":9,"f:52:34:52:35":3,"s:53:21:53:Infinity":10,"s:54:8:57:Infinity":11,"f:54:32:54:33":4,"s:54:43:57:10":12,"s:59:6:59:Infinity":13,"s:62:4:62:Infinity":14,"s:65:2:174:Infinity":15,"f:68:9:68:10":5,"s:69:10:78:Infinity":16,"f:72:22:72:23":6,"s:72:29:72:Infinity":17,"b:75:18:75:Infinity:76:18:76:Infinity":8,"f:84:11:84:12":7,"s:85:12:103:Infinity":18,"f:96:26:96:27":8,"s:97:18:97:Infinity":19,"f:108:11:108:12":9,"s:109:12:114:Infinity":20,"f:112:24:112:25":10,"s:112:31:112:Infinity":21,"f:119:11:119:12":11,"s:120:12:127:Infinity":22,"f:125:24:125:25":12,"s:125:31:125:Infinity":23,"f:132:11:132:12":13,"s:133:12:140:Infinity":24,"f:138:24:138:25":14,"s:138:31:138:Infinity":25,"f:145:11:145:12":15,"s:146:12:153:Infinity":26,"f:151:24:151:25":16,"s:151:31:151:Infinity":27,"b:159:9:159:Infinity:160:10:162:Infinity":9,"f:165:20:165:21":17,"s:165:31:165:Infinity":28,"f:167:11:167:12":18,"s:168:12:170:Infinity":29,"b:168:47:168:61:168:61:168:Infinity":10,"b:169:30:169:44:169:44:169:Infinity":11}}}
,"W:\\Free Projects\\Sakura\\sakura-frontend\\src\\features\\inventory\\types\\index.ts": {"path":"W:\\Free Projects\\Sakura\\sakura-frontend\\src\\features\\inventory\\types\\index.ts","statementMap":{"0":{"start":{"line":1,"column":28},"end":{"line":4,"column":null}}},"fnMap":{},"branchMap":{},"s":{"0":2},"f":{},"b":{},"meta":{"lastBranch":0,"lastFunction":0,"lastStatement":1,"seen":{"s:1:28:4:Infinity":0}}}
}
